<?xml version="1.0" encoding="UTF-8"?>
<testng-results ignored="0" total="2" passed="2" failed="0" skipped="0">
  <reporter-output>
  </reporter-output>
  <suite started-at="2022-12-29T11:42:21 IST" name="Suite" finished-at="2022-12-29T11:43:46 IST" duration-ms="84534">
    <groups>
    </groups>
    <test started-at="2022-12-29T11:42:21 IST" name="Test" finished-at="2022-12-29T11:43:46 IST" duration-ms="84534">
      <class name="com.First.googleTest">
        <test-method signature="homePageCheck()[pri:0, instance:com.First.googleTest@61386958]" started-at="2022-12-29T11:42:21 IST" name="homePageCheck" finished-at="2022-12-29T11:43:01 IST" duration-ms="39843" status="PASS">
          <reporter-output>
          </reporter-output>
        </test-method> <!-- homePageCheck -->
      </class> <!-- com.First.googleTest -->
      <class name="com.First.fireFox">
        <test-method signature="homePageCheckUp()[pri:0, instance:com.First.fireFox@e1de817]" started-at="2022-12-29T11:42:21 IST" name="homePageCheckUp" finished-at="2022-12-29T11:43:46 IST" duration-ms="84468" status="PASS">
          <reporter-output>
          </reporter-output>
        </test-method> <!-- homePageCheckUp -->
      </class> <!-- com.First.fireFox -->
    </test> <!-- Test -->
  </suite> <!-- Suite -->
</testng-results>
